<?xml version="1.0" encoding="UTF-8"?>
<!-- Generated by org.testng.reporters.JUnitXMLReporter -->
<testsuite hostname="DESKTOP-E1E9EHH" ignored="0" name="Test" tests="8" failures="0" timestamp="09 Mar 2019 14:44:58 GMT" time="31.393" errors="0">
  <testcase name="excelwrite" time="0.836" classname="Newpackage.Excelwrite"/>
  <testcase name="testmap" time="0.0" classname="Newpackage.Practice"/>
  <testcase name="openurl" time="1.968" classname="Newpackage.Testngpractice"/>
  <testcase name="openurl" time="5.481" classname="Newpackage.Extentreportpractice"/>
  <testcase name="clickurl" time="0.503" classname="Newpackage.Testngpractice"/>
  <testcase name="loginOrangeHRM" time="8.04" classname="Newpackage.Extentreportpractice"/>
  <testcase name="clickontesting" time="2.284" classname="Newpackage.Testngpractice"/>
  <testcase name="logoutHRM" time="3.833" classname="Newpackage.Extentreportpractice"/>
</testsuite> <!-- Test -->
