<?xml version="1.0" encoding="UTF-8"?>
<!-- Generated by org.testng.reporters.JUnitXMLReporter -->
<testsuite hostname="DESKTOP-E1E9EHH" ignored="0" name="Test" tests="8" failures="0" timestamp="17 Mar 2019 14:33:14 GMT" time="0.029" errors="0">
  <testcase name="@BeforeSuite setup" time="0.02" classname="Newpackage.Extentreports">
    <failure type="java.lang.NoClassDefFoundError" message="com/aventstack/extentreports/reporter/ExtentHtmlReporter">
      <![CDATA[java.lang.NoClassDefFoundError: com/aventstack/extentreports/reporter/ExtentHtmlReporterat Newpackage.Extentreports.setup(Extentreports.java:48)Caused by: java.lang.ClassNotFoundException: com.aventstack.extentreports.reporter.ExtentHtmlReporterat java.net.URLClassLoader.findClass(URLClassLoader.java:382)at java.lang.ClassLoader.loadClass(ClassLoader.java:424)at sun.misc.Launcher$AppClassLoader.loadClass(Launcher.java:349)at java.lang.ClassLoader.loadClass(ClassLoader.java:357)... 20 more... Removed 19 stack frames]]>
    </failure>
  </testcase> <!-- @BeforeSuite setup -->
  <testcase name="@BeforeTest launchbrowser" time="0.0" classname="Newpackage.Extentreports">
    <skipped/>
  </testcase> <!-- @BeforeTest launchbrowser -->
  <testcase name="@BeforeTest launchbrowser" time="0.0" classname="Newpackage.Testngpractice">
    <skipped/>
  </testcase> <!-- @BeforeTest launchbrowser -->
  <testcase name="@AfterMethod addextentreport" time="0.0" classname="Newpackage.Extentreports">
    <skipped/>
  </testcase> <!-- @AfterMethod addextentreport -->
  <testcase name="@AfterMethod addextentreport" time="0.0" classname="Newpackage.Extentreports">
    <skipped/>
  </testcase> <!-- @AfterMethod addextentreport -->
  <testcase name="@AfterMethod addextentreport" time="0.0" classname="Newpackage.Extentreports">
    <skipped/>
  </testcase> <!-- @AfterMethod addextentreport -->
  <testcase name="@AfterTest closebrowser" time="0.0" classname="Newpackage.Extentreports">
    <skipped/>
  </testcase> <!-- @AfterTest closebrowser -->
  <testcase name="@AfterTest close" time="0.0" classname="Newpackage.Testngpractice">
    <skipped/>
  </testcase> <!-- @AfterTest close -->
  <testcase name="excelwrite" time="0.0" classname="Newpackage.Excelwrite">
    <skipped/>
  </testcase> <!-- excelwrite -->
  <testcase name="testmap" time="0.0" classname="Newpackage.Practice">
    <skipped/>
  </testcase> <!-- testmap -->
  <testcase name="openurl" time="0.0" classname="Newpackage.Testngpractice">
    <skipped/>
  </testcase> <!-- openurl -->
  <testcase name="openurl" time="0.0" classname="Newpackage.Extentreports">
    <skipped/>
  </testcase> <!-- openurl -->
  <testcase name="clickurl" time="0.0" classname="Newpackage.Testngpractice">
    <skipped/>
  </testcase> <!-- clickurl -->
  <testcase name="loginOrangeHRM" time="0.0" classname="Newpackage.Extentreports">
    <skipped/>
  </testcase> <!-- loginOrangeHRM -->
  <testcase name="clickontesting" time="0.0" classname="Newpackage.Testngpractice">
    <skipped/>
  </testcase> <!-- clickontesting -->
  <testcase name="logoutHRM" time="0.0" classname="Newpackage.Extentreports">
    <skipped/>
  </testcase> <!-- logoutHRM -->
</testsuite> <!-- Test -->
