<?xml version="1.0" encoding="UTF-8"?>
<!-- Generated by org.testng.reporters.JUnitXMLReporter -->
<testsuite hostname="DESKTOP-E1E9EHH" ignored="0" name="Default test" tests="3" failures="0" timestamp="17 Mar 2019 12:44:35 GMT" time="20.599" errors="0">
  <testcase name="openurl" time="3.601" classname="Newpackage.Extentreports"/>
  <testcase name="loginOrangeHRM" time="5.766" classname="Newpackage.Extentreports"/>
  <testcase name="logoutHRM" time="4.211" classname="Newpackage.Extentreports"/>
</testsuite> <!-- Default test -->
