<?xml version="1.0" encoding="UTF-8"?>
<!-- Generated by org.testng.reporters.JUnitXMLReporter -->
<testsuite hostname="DESKTOP-E1E9EHH" ignored="0" name="Default test" tests="3" failures="0" timestamp="02 Mar 2019 16:01:19 GMT" time="9.558" errors="0">
  <testcase name="openurl" time="1.679" classname="Newpackage.Testngpractice"/>
  <testcase name="clickurl" time="0.448" classname="Newpackage.Testngpractice"/>
  <testcase name="clickontesting" time="2.14" classname="Newpackage.Testngpractice"/>
</testsuite> <!-- Default test -->
