<?xml version="1.0" encoding="UTF-8"?>
<testng-results skipped="0" failed="0" ignored="0" total="1" passed="1">
  <reporter-output>
  </reporter-output>
  <suite name="Default suite" duration-ms="684" started-at="2019-02-25T13:47:35Z" finished-at="2019-02-25T13:47:36Z">
    <groups>
    </groups>
    <test name="Default test" duration-ms="684" started-at="2019-02-25T13:47:35Z" finished-at="2019-02-25T13:47:36Z">
      <class name="Newpackage.Excelwrite">
        <test-method status="PASS" signature="excelwrite()[pri:0, instance:Newpackage.Excelwrite@39aeed2f]" name="excelwrite" duration-ms="640" started-at="2019-02-26T00:47:35Z" finished-at="2019-02-26T00:47:36Z">
          <reporter-output>
          </reporter-output>
        </test-method> <!-- excelwrite -->
      </class> <!-- Newpackage.Excelwrite -->
    </test> <!-- Default test -->
  </suite> <!-- Default suite -->
</testng-results>
