<?xml version="1.0" encoding="UTF-8"?>
<!-- Generated by org.testng.reporters.JUnitXMLReporter -->
<testsuite hostname="DESKTOP-E1E9EHH" ignored="0" name="Test" tests="5" failures="0" timestamp="24 Feb 2019 04:45:13 GMT" time="11.659" errors="0">
  <testcase name="testhello" time="0.0" classname="Newpackage.Demoworld"/>
  <testcase name="testmap" time="0.0" classname="Newpackage.Practice"/>
  <testcase name="openurl" time="1.771" classname="Newpackage.Testngpractice"/>
  <testcase name="clickurl" time="0.487" classname="Newpackage.Testngpractice"/>
  <testcase name="clickontesting" time="4.546" classname="Newpackage.Testngpractice"/>
</testsuite> <!-- Test -->
