<?xml version="1.0" encoding="UTF-8"?>
<!-- Generated by org.testng.reporters.JUnitXMLReporter -->
<testsuite hostname="DESKTOP-E1E9EHH" ignored="0" name="Test" tests="5" failures="0" timestamp="12 Feb 2019 14:20:09 GMT" time="8.648" errors="0">
  <testcase name="testhello" time="0.0" classname="Newpackage.Demoworld"/>
  <testcase name="testmap" time="0.001" classname="Newpackage.Practice"/>
  <testcase name="openurl" time="1.911" classname="Newpackage.Testngpractice"/>
  <testcase name="clickurl" time="0.463" classname="Newpackage.Testngpractice"/>
  <testcase name="clickontesting" time="1.446" classname="Newpackage.Testngpractice"/>
</testsuite> <!-- Test -->
